<?xml version="1.0" encoding="UTF-8"?>
<!-- Generated by org.testng.reporters.JUnitReportReporter -->
<testsuite hostname="TYSS-Shobha" failures="0" tests="5" name="runnerFile.TestNgRunnerClass" time="44.183" errors="0" timestamp="2024-10-29T15:51:38 IST" skipped="0">
  <testcase classname="runnerFile.TestNgRunnerClass" name="runScenario" time="9.853"/>
  <testcase classname="runnerFile.TestNgRunnerClass" name="runScenario" time="8.504"/>
  <testcase classname="runnerFile.TestNgRunnerClass" name="runScenario" time="6.278"/>
  <testcase classname="runnerFile.TestNgRunnerClass" name="runScenario" time="8.584"/>
  <testcase classname="runnerFile.TestNgRunnerClass" name="runScenario" time="10.964"/>
</testsuite> <!-- runnerFile.TestNgRunnerClass -->
